<?xml version="1.0" encoding="UTF-8"?>
<!-- Generated by org.testng.reporters.JUnitXMLReporter -->
<testsuite hostname="JAIPRASHANTH" ignored="0" name="jai test" tests="2" failures="1" timestamp="2020-07-07T17:16:25 IST" time="0.128" errors="0">
  <testcase name="class1" time="0.014" classname="SeleniumRevised.Sikuli"/>
  <testcase name="class2" time="0.002" classname="SeleniumRevised.Sikuli">
    <failure type="java.lang.AssertionError" message="expected [abcde] but found [abcd]">
      <![CDATA[java.lang.AssertionError: expected [abcde] but found [abcd]
at SeleniumRevised.Sikuli.class2(Sikuli.java:20)
at java.util.ArrayList.forEach(ArrayList.java:1257)
... Removed 32 stack frames]]>
    </failure>
  </testcase> <!-- class2 -->
</testsuite> <!-- jai test -->
